c:\users\97822\desktop\graphic\learning\dx11starter\x64\debug\vc141.pdb
c:\users\97822\desktop\graphic\learning\dx11starter\x64\debug\vc141.idb
c:\users\97822\desktop\graphic\learning\dx11starter\x64\debug\simpleshader.obj
c:\users\97822\desktop\graphic\learning\dx11starter\x64\debug\mesh.obj
c:\users\97822\desktop\graphic\learning\dx11starter\x64\debug\material.obj
c:\users\97822\desktop\graphic\learning\dx11starter\x64\debug\main.obj
c:\users\97822\desktop\graphic\learning\dx11starter\x64\debug\gameentity.obj
c:\users\97822\desktop\graphic\learning\dx11starter\x64\debug\game.obj
c:\users\97822\desktop\graphic\learning\dx11starter\x64\debug\dxcore.obj
c:\users\97822\desktop\graphic\learning\dx11starter\x64\debug\camera.obj
c:\users\97822\desktop\graphic\learning\dx11starter\x64\debug\emitter.obj
c:\users\97822\desktop\graphic\learning\dx11starter\x64\debug\vcpkg.applocal.log
c:\users\97822\desktop\graphic\learning\x64\debug\vertexshader.cso
c:\users\97822\desktop\graphic\learning\x64\debug\fullscreenquadvs.cso
c:\users\97822\desktop\graphic\learning\x64\debug\refractvs.cso
c:\users\97822\desktop\graphic\learning\x64\debug\pixelshader.cso
c:\users\97822\desktop\graphic\learning\x64\debug\fullscreenquadps.cso
c:\users\97822\desktop\graphic\learning\x64\debug\particleps.cso
c:\users\97822\desktop\graphic\learning\x64\debug\particlevs.cso
c:\users\97822\desktop\graphic\learning\x64\debug\refractps.cso
c:\users\97822\desktop\graphic\learning\x64\debug\dx11starter.exe
c:\users\97822\desktop\graphic\learning\x64\debug\dx11starter.ilk
c:\users\97822\desktop\graphic\learning\x64\debug\dx11starter.pdb
e:\learning\game graphics programming\learning\dx11starter\x64\debug\camera.obj
e:\learning\game graphics programming\learning\dx11starter\x64\debug\dxcore.obj
e:\learning\game graphics programming\learning\dx11starter\x64\debug\emitter.obj
e:\learning\game graphics programming\learning\dx11starter\x64\debug\game.obj
e:\learning\game graphics programming\learning\dx11starter\x64\debug\gameentity.obj
e:\learning\game graphics programming\learning\dx11starter\x64\debug\main.obj
e:\learning\game graphics programming\learning\dx11starter\x64\debug\material.obj
e:\learning\game graphics programming\learning\dx11starter\x64\debug\mesh.obj
e:\learning\game graphics programming\learning\dx11starter\x64\debug\simpleshader.obj
e:\learning\game graphics programming\learning\dx11starter\x64\debug\vc141.idb
e:\learning\game graphics programming\learning\dx11starter\x64\debug\vc141.pdb
e:\learning\game graphics programming\learning\x64\debug\dx11starter.pdb
e:\learning\game graphics programming\learning\x64\debug\dx11starter.exe
e:\learning\game graphics programming\learning\x64\debug\dx11starter.ilk
e:\learning\game graphics programming\learning\dx11starter\x64\debug\dx11starter.tlog\cl.command.1.tlog
e:\learning\game graphics programming\learning\dx11starter\x64\debug\dx11starter.tlog\cl.read.1.tlog
e:\learning\game graphics programming\learning\dx11starter\x64\debug\dx11starter.tlog\cl.write.1.tlog
e:\learning\game graphics programming\learning\dx11starter\x64\debug\dx11starter.tlog\dx11starter.write.1u.tlog
e:\learning\game graphics programming\learning\dx11starter\x64\debug\dx11starter.tlog\fxc.command.1.tlog
e:\learning\game graphics programming\learning\dx11starter\x64\debug\dx11starter.tlog\fxc.read.1.tlog
e:\learning\game graphics programming\learning\dx11starter\x64\debug\dx11starter.tlog\fxc.write.1.tlog
e:\learning\game graphics programming\learning\dx11starter\x64\debug\dx11starter.tlog\link.command.1.tlog
e:\learning\game graphics programming\learning\dx11starter\x64\debug\dx11starter.tlog\link.read.1.tlog
e:\learning\game graphics programming\learning\dx11starter\x64\debug\dx11starter.tlog\link.write.1.tlog
